<?xml version="1.0" encoding="UTF-8"?>
<!-- Generated by org.testng.reporters.JUnitReportReporter -->
<testsuite hostname="DESKTOP-NAV2OJN" failures="0" tests="1" name="com.testng.testcases.AccountTest" time="21.039" errors="0" timestamp="2024-12-16T17:08:08 PST" skipped="0">
  <testcase classname="com.testng.testcases.AccountTest" name="editView" time="21.039"/>
</testsuite> <!-- com.testng.testcases.AccountTest -->
