<?xml version="1.0" encoding="UTF-8"?>
<!-- Generated by org.testng.reporters.JUnitReportReporter -->
<testsuite hostname="DESKTOP-NAV2OJN" failures="0" tests="1" name="com.testng.testcases.HomeTest" time="15.808" errors="0" timestamp="2024-12-11T19:26:57 PST" skipped="0">
  <testcase classname="com.testng.testcases.HomeTest" name="homepagetab" time="15.808"/>
  <system-out/>
</testsuite> <!-- com.testng.testcases.HomeTest -->
