<?xml version="1.0" encoding="UTF-8"?>
<!-- Generated by org.testng.reporters.JUnitReportReporter -->
<testsuite hostname="DESKTOP-NAV2OJN" failures="0" tests="1" name="com.testng.testcases.LoginTest" time="10.186" errors="0" timestamp="2024-12-16T15:11:35 PST" skipped="0">
  <testcase classname="com.testng.testcases.LoginTest" name="logintoSalesforce" time="10.186"/>
</testsuite> <!-- com.testng.testcases.LoginTest -->
