<?xml version="1.0" encoding="UTF-8"?>
<!-- Generated by org.testng.reporters.JUnitReportReporter -->
<testsuite hostname="DESKTOP-NAV2OJN" failures="0" tests="5" name="com.testng.testcases.LoginTest" time="58.059" errors="0" timestamp="2024-12-13T13:42:41 PST" skipped="0">
  <testcase classname="com.testng.testcases.LoginTest" name="loginerrormessage" time="10.626"/>
  <testcase classname="com.testng.testcases.LoginTest" name="logintoSalesforce" time="11.063"/>
  <testcase classname="com.testng.testcases.LoginTest" name="checkRememberme" time="14.022"/>
  <testcase classname="com.testng.testcases.LoginTest" name="forgotPassword" time="14.382"/>
  <testcase classname="com.testng.testcases.LoginTest" name="invalidCredentials" time="7.966"/>
</testsuite> <!-- com.testng.testcases.LoginTest -->
