<?xml version="1.0" encoding="UTF-8"?>
<!-- Generated by org.testng.reporters.JUnitReportReporter -->
<testsuite hostname="DESKTOP-NAV2OJN" failures="0" tests="4" name="com.testng.testcases.AccountTest" time="51.617" errors="0" timestamp="2024-12-16T17:39:49 PST" skipped="0">
  <testcase classname="com.testng.testcases.AccountTest" name="mergeAccounts" time="4.173"/>
  <testcase classname="com.testng.testcases.AccountTest" name="editView" time="13.779"/>
  <testcase classname="com.testng.testcases.AccountTest" name="createaccount" time="15.185"/>
  <testcase classname="com.testng.testcases.AccountTest" name="createnewview" time="18.480"/>
</testsuite> <!-- com.testng.testcases.AccountTest -->
