<?xml version="1.0" encoding="UTF-8"?>
<!-- Generated by org.testng.reporters.JUnitReportReporter -->
<testsuite hostname="DESKTOP-NAV2OJN" failures="0" tests="5" name="com.testng.testcases.UserMenuTest" time="108.146" errors="0" timestamp="2024-12-16T17:39:49 PST" skipped="0">
  <testcase classname="com.testng.testcases.UserMenuTest" name="developerconsolefunctions" time="14.557"/>
  <testcase classname="com.testng.testcases.UserMenuTest" name="myprofilefunctions" time="51.382"/>
  <testcase classname="com.testng.testcases.UserMenuTest" name="usernavmenudropdown" time="14.455"/>
  <testcase classname="com.testng.testcases.UserMenuTest" name="mysettingsfuctions" time="10.734"/>
  <testcase classname="com.testng.testcases.UserMenuTest" name="logoutoption" time="17.018"/>
</testsuite> <!-- com.testng.testcases.UserMenuTest -->
