<?xml version="1.0" encoding="UTF-8"?>
<!-- Generated by org.testng.reporters.JUnitReportReporter -->
<testsuite hostname="DESKTOP-NAV2OJN" failures="0" tests="5" name="com.testng.testcases.LoginTest" time="50.373" errors="0" timestamp="2024-12-16T17:39:49 PST" skipped="0">
  <testcase classname="com.testng.testcases.LoginTest" name="loginerrormessage" time="6.325"/>
  <testcase classname="com.testng.testcases.LoginTest" name="logintoSalesforce" time="10.980"/>
  <testcase classname="com.testng.testcases.LoginTest" name="checkRememberme" time="21.400"/>
  <testcase classname="com.testng.testcases.LoginTest" name="forgotPassword" time="6.730"/>
  <testcase classname="com.testng.testcases.LoginTest" name="invalidCredentials" time="4.938"/>
</testsuite> <!-- com.testng.testcases.LoginTest -->
