<?xml version="1.0" encoding="UTF-8"?>
<!-- Generated by org.testng.reporters.JUnitReportReporter -->
<testsuite hostname="DESKTOP-NAV2OJN" failures="0" tests="5" name="com.testng.testcases.LoginTest" time="57.148" errors="0" timestamp="2024-12-14T10:33:36 PST" skipped="0">
  <testcase classname="com.testng.testcases.LoginTest" name="loginerrormessage" time="16.553"/>
  <testcase classname="com.testng.testcases.LoginTest" name="logintoSalesforce" time="12.224"/>
  <testcase classname="com.testng.testcases.LoginTest" name="checkRememberme" time="14.356"/>
  <testcase classname="com.testng.testcases.LoginTest" name="forgotPassword" time="6.136"/>
  <testcase classname="com.testng.testcases.LoginTest" name="invalidCredentials" time="7.879"/>
</testsuite> <!-- com.testng.testcases.LoginTest -->
